# JRE version: OpenJDK Runtime Environment (7.0_95) (build 1.7.0_95-b00)
# Java VM: OpenJDK 64-Bit Server VM (24.95-b01 mixed mode linux-amd64 compressed oops)
Heap
 PSYoungGen      total 131072K, used 18934K [0x00000000eaa80000, 0x00000000f4180000, 0x0000000100000000)
  eden space 112128K, 0% used [0x00000000eaa80000,0x00000000eaa80000,0x00000000f1800000)
  from space 18944K, 99% used [0x00000000f1800000,0x00000000f2a7da40,0x00000000f2a80000)
  to   space 14336K, 0% used [0x00000000f2a80000,0x00000000f2a80000,0x00000000f3880000)
 ParOldGen       total 37888K, used 36651K [0x00000000c0000000, 0x00000000c2500000, 0x00000000eaa80000)
  object space 37888K, 96% used [0x00000000c0000000,0x00000000c23cae88,0x00000000c2500000)
 PSPermGen       total 21504K, used 6367K [0x00000000b5a00000, 0x00000000b6f00000, 0x00000000c0000000)
  object space 21504K, 29% used [0x00000000b5a00000,0x00000000b6037d88,0x00000000b6f00000)
GC Heap History (10 events):
Event: 5.569 GC heap after
Heap after GC invocations=4 (full 0):
 PSYoungGen      total 31744K, used 2026K [0x00000000eaa80000, 0x00000000ecb80000, 0x0000000100000000)
  eden space 29696K, 0% used [0x00000000eaa80000,0x00000000eaa80000,0x00000000ec780000)
  from space 2048K, 98% used [0x00000000ec980000,0x00000000ecb7aad8,0x00000000ecb80000)
  to   space 2048K, 0% used [0x00000000ec780000,0x00000000ec780000,0x00000000ec980000)
 ParOldGen       total 37888K, used 7242K [0x00000000c0000000, 0x00000000c2500000, 0x00000000eaa80000)
  object space 37888K, 19% used [0x00000000c0000000,0x00000000c0712b08,0x00000000c2500000)
 PSPermGen       total 21504K, used 6144K [0x00000000b5a00000, 0x00000000b6f00000, 0x00000000c0000000)
  object space 21504K, 28% used [0x00000000b5a00000,0x00000000b6000198,0x00000000b6f00000)
}
Event: 7.824 GC heap before
{Heap before GC invocations=5 (full 0):
 PSYoungGen      total 31744K, used 31722K [0x00000000eaa80000, 0x00000000ecb80000, 0x0000000100000000)
  eden space 29696K, 100% used [0x00000000eaa80000,0x00000000ec780000,0x00000000ec780000)
  from space 2048K, 98% used [0x00000000ec980000,0x00000000ecb7aad8,0x00000000ecb80000)
  to   space 2048K, 0% used [0x00000000ec780000,0x00000000ec780000,0x00000000ec980000)
 ParOldGen       total 37888K, used 7242K [0x00000000c0000000, 0x00000000c2500000, 0x00000000eaa80000)
  object space 37888K, 19% used [0x00000000c0000000,0x00000000c0712b08,0x00000000c2500000)
 PSPermGen       total 21504K, used 6199K [0x00000000b5a00000, 0x00000000b6f00000, 0x00000000c0000000)
  object space 21504K, 28% used [0x00000000b5a00000,0x00000000b600dd30,0x00000000b6f00000)
Event: 7.879 GC heap after
Heap after GC invocations=5 (full 0):
 PSYoungGen      total 31744K, used 2046K [0x00000000eaa80000, 0x00000000ef480000, 0x0000000100000000)
  eden space 29696K, 0% used [0x00000000eaa80000,0x00000000eaa80000,0x00000000ec780000)
  from space 2048K, 99% used [0x00000000ec780000,0x00000000ec97f8a0,0x00000000ec980000)
  to   space 8192K, 0% used [0x00000000eec80000,0x00000000eec80000,0x00000000ef480000)
 ParOldGen       total 37888K, used 11898K [0x00000000c0000000, 0x00000000c2500000, 0x00000000eaa80000)
  object space 37888K, 31% used [0x00000000c0000000,0x00000000c0b9e800,0x00000000c2500000)
 PSPermGen       total 21504K, used 6199K [0x00000000b5a00000, 0x00000000b6f00000, 0x00000000c0000000)
  object space 21504K, 28% used [0x00000000b5a00000,0x00000000b600dd30,0x00000000b6f00000)
}
Event: 9.825 GC heap before
{Heap before GC invocations=6 (full 0):
 PSYoungGen      total 31744K, used 31742K [0x00000000eaa80000, 0x00000000ef480000, 0x0000000100000000)
  eden space 29696K, 100% used [0x00000000eaa80000,0x00000000ec780000,0x00000000ec780000)
  from space 2048K, 99% used [0x00000000ec780000,0x00000000ec97f8a0,0x00000000ec980000)
  to   space 8192K, 0% used [0x00000000eec80000,0x00000000eec80000,0x00000000ef480000)
 ParOldGen       total 37888K, used 11898K [0x00000000c0000000, 0x00000000c2500000, 0x00000000eaa80000)
  object space 37888K, 31% used [0x00000000c0000000,0x00000000c0b9e800,0x00000000c2500000)
 PSPermGen       total 21504K, used 6219K [0x00000000b5a00000, 0x00000000b6f00000, 0x00000000c0000000)
  object space 21504K, 28% used [0x00000000b5a00000,0x00000000b6012eb8,0x00000000b6f00000)
Event: 9.899 GC heap after
Heap after GC invocations=6 (full 0):
 PSYoungGen      total 66560K, used 7051K [0x00000000eaa80000, 0x00000000ef680000, 0x0000000100000000)
  eden space 58368K, 0% used [0x00000000eaa80000,0x00000000eaa80000,0x00000000ee380000)
  from space 8192K, 86% used [0x00000000eec80000,0x00000000ef362f78,0x00000000ef480000)
  to   space 9216K, 0% used [0x00000000ee380000,0x00000000ee380000,0x00000000eec80000)
 ParOldGen       total 37888K, used 11898K [0x00000000c0000000, 0x00000000c2500000, 0x00000000eaa80000)
  object space 37888K, 31% used [0x00000000c0000000,0x00000000c0b9e800,0x00000000c2500000)
 PSPermGen       total 21504K, used 6219K [0x00000000b5a00000, 0x00000000b6f00000, 0x00000000c0000000)
  object space 21504K, 28% used [0x00000000b5a00000,0x00000000b6012eb8,0x00000000b6f00000)
}
Event: 13.844 GC heap before
{Heap before GC invocations=7 (full 0):
 PSYoungGen      total 66560K, used 65419K [0x00000000eaa80000, 0x00000000ef680000, 0x0000000100000000)
  eden space 58368K, 100% used [0x00000000eaa80000,0x00000000ee380000,0x00000000ee380000)
  from space 8192K, 86% used [0x00000000eec80000,0x00000000ef362f78,0x00000000ef480000)
  to   space 9216K, 0% used [0x00000000ee380000,0x00000000ee380000,0x00000000eec80000)
 ParOldGen       total 37888K, used 11898K [0x00000000c0000000, 0x00000000c2500000, 0x00000000eaa80000)
  object space 37888K, 31% used [0x00000000c0000000,0x00000000c0b9e800,0x00000000c2500000)
 PSPermGen       total 21504K, used 6262K [0x00000000b5a00000, 0x00000000b6f00000, 0x00000000c0000000)
  object space 21504K, 29% used [0x00000000b5a00000,0x00000000b601d968,0x00000000b6f00000)
Event: 14.002 GC heap after
Heap after GC invocations=7 (full 0):
 PSYoungGen      total 67584K, used 9195K [0x00000000eaa80000, 0x00000000f3880000, 0x0000000100000000)
  eden space 58368K, 0% used [0x00000000eaa80000,0x00000000eaa80000,0x00000000ee380000)
  from space 9216K, 99% used [0x00000000ee380000,0x00000000eec7af40,0x00000000eec80000)
  to   space 14336K, 0% used [0x00000000f2a80000,0x00000000f2a80000,0x00000000f3880000)
 ParOldGen       total 37888K, used 18514K [0x00000000c0000000, 0x00000000c2500000, 0x00000000eaa80000)
  object space 37888K, 48% used [0x00000000c0000000,0x00000000c1214bc0,0x00000000c2500000)
 PSPermGen       total 21504K, used 6262K [0x00000000b5a00000, 0x00000000b6f00000, 0x00000000c0000000)
  object space 21504K, 29% used [0x00000000b5a00000,0x00000000b601d968,0x00000000b6f00000)
}
Event: 18.323 GC heap before
{Heap before GC invocations=8 (full 0):
 PSYoungGen      total 67584K, used 67563K [0x00000000eaa80000, 0x00000000f3880000, 0x0000000100000000)
  eden space 58368K, 100% used [0x00000000eaa80000,0x00000000ee380000,0x00000000ee380000)
  from space 9216K, 99% used [0x00000000ee380000,0x00000000eec7af40,0x00000000eec80000)
  to   space 14336K, 0% used [0x00000000f2a80000,0x00000000f2a80000,0x00000000f3880000)
 ParOldGen       total 37888K, used 18514K [0x00000000c0000000, 0x00000000c2500000, 0x00000000eaa80000)
  object space 37888K, 48% used [0x00000000c0000000,0x00000000c1214bc0,0x00000000c2500000)
 PSPermGen       total 21504K, used 6290K [0x00000000b5a00000, 0x00000000b6f00000, 0x00000000c0000000)
  object space 21504K, 29% used [0x00000000b5a00000,0x00000000b6024898,0x00000000b6f00000)
Event: 22.108 GC heap after
Heap after GC invocations=8 (full 0):
 PSYoungGen      total 126464K, used 14307K [0x00000000eaa80000, 0x00000000f4180000, 0x0000000100000000)
  eden space 112128K, 0% used [0x00000000eaa80000,0x00000000eaa80000,0x00000000f1800000)
  from space 14336K, 99% used [0x00000000f2a80000,0x00000000f3878f88,0x00000000f3880000)
  to   space 18944K, 0% used [0x00000000f1800000,0x00000000f1800000,0x00000000f2a80000)
 ParOldGen       total 37888K, used 23161K [0x00000000c0000000, 0x00000000c2500000, 0x00000000eaa80000)
  object space 37888K, 61% used [0x00000000c0000000,0x00000000c169e4b0,0x00000000c2500000)
 PSPermGen       total 21504K, used 6290K [0x00000000b5a00000, 0x00000000b6f00000, 0x00000000c0000000)
  object space 21504K, 29% used [0x00000000b5a00000,0x00000000b6024898,0x00000000b6f00000)
}
Event: 29.802 GC heap before
{Heap before GC invocations=9 (full 0):
 PSYoungGen      total 126464K, used 126435K [0x00000000eaa80000, 0x00000000f4180000, 0x0000000100000000)
  eden space 112128K, 100% used [0x00000000eaa80000,0x00000000f1800000,0x00000000f1800000)
  from space 14336K, 99% used [0x00000000f2a80000,0x00000000f3878f88,0x00000000f3880000)
  to   space 18944K, 0% used [0x00000000f1800000,0x00000000f1800000,0x00000000f2a80000)
 ParOldGen       total 37888K, used 23161K [0x00000000c0000000, 0x00000000c2500000, 0x00000000eaa80000)
  object space 37888K, 61% used [0x00000000c0000000,0x00000000c169e4b0,0x00000000c2500000)
 PSPermGen       total 21504K, used 6367K [0x00000000b5a00000, 0x00000000b6f00000, 0x00000000c0000000)
  object space 21504K, 29% used [0x00000000b5a00000,0x00000000b6037d88,0x00000000b6f00000)

